\BOOKMARK [1][]{section.1}{1 Introduction}{}% 1
\BOOKMARK [1][]{section.2}{2 Risk framework}{}% 2
\BOOKMARK [2][]{subsection.2.1}{2.1 Ground-motion intensity maps}{section.2}% 3
\BOOKMARK [2][]{subsection.2.2}{2.2 Damage maps}{section.2}% 4
\BOOKMARK [2][]{subsection.2.3}{2.3 Network performance measures and risk analysis}{section.2}% 5
\BOOKMARK [1][]{section.3}{3 Selecting a subset of maps}{}% 6
\BOOKMARK [2][]{subsection.3.1}{3.1 Damage and ground-motion intensity map selection problem}{section.3}% 7
\BOOKMARK [2][]{subsection.3.2}{3.2 Alternative ground-motion intensity map selection: relaxed problem with convex constraints}{section.3}% 8
\BOOKMARK [2][]{subsection.3.3}{3.3 Evaluation of error in the selected subset}{section.3}% 9
\BOOKMARK [1][]{section.4}{4 Case study}{}% 10
\BOOKMARK [2][]{subsection.4.1}{4.1 Dataset and models}{section.4}% 11
\BOOKMARK [3][]{subsubsection.4.1.1}{4.1.1 Ground-motion intensity map models}{subsection.4.1}% 12
\BOOKMARK [3][]{subsubsection.4.1.2}{4.1.2 Damage maps}{subsection.4.1}% 13
\BOOKMARK [3][]{subsubsection.4.1.3}{4.1.3 Target network performance measures}{subsection.4.1}% 14
\BOOKMARK [3][]{subsubsection.4.1.4}{4.1.4 Proxy network performance measures}{subsection.4.1}% 15
\BOOKMARK [2][]{subsection.4.2}{4.2 Map selection results and checks for consistency}{section.4}% 16
\BOOKMARK [3][]{subsubsection.4.2.1}{4.2.1 Final map selection}{subsection.4.2}% 17
\BOOKMARK [3][]{subsubsection.4.2.2}{4.2.2 Consistency checks}{subsection.4.2}% 18
\BOOKMARK [3][]{subsubsection.4.2.3}{4.2.3 Target performance measure results}{subsection.4.2}% 19
\BOOKMARK [1][]{section.5}{5 Discussion}{}% 20
\BOOKMARK [2][]{subsection.5.1}{5.1 Sensitivity to the choice of target performance measure}{section.5}% 21
\BOOKMARK [2][]{subsection.5.2}{5.2 Extension to other target number of maps}{section.5}% 22
\BOOKMARK [2][]{subsection.5.3}{5.3 Role of numerically-calculated ground motions}{section.5}% 23
\BOOKMARK [1][]{section.6}{6 Conclusions}{}% 24
